

Version:	3.50
CmdLine:	D:\Java s\Anisul_sir\Library Managment System\rakib.exe --l4j-debug
JNI:		No
WOW64:		Yes
Working dir:	D:\Java s\Anisul_sir\Library Managment System\.
Requires JDK:	No
Requires 64-Bit: No
Java min ver:	
Java max ver:	
Substitute:	JAVA_HOME = 
Substitute:	PATH = C:\Program Files (x86)\Common Files\Oracle\Java\javapath;C:\Program Files\Common Files\Oracle\Java\javapath;C:\WINDOWS\system32;C:\WINDOWS;C:\WINDOWS\System32\Wbem;C:\WINDOWS\System32\WindowsPowerShell\v1.0\;C:\WINDOWS\System32\OpenSSH\;C:\Program Files\Git\cmd;C:\Program Files\MySQL\MySQL Server 5.5\bin;C:\Users\USER\AppData\Local\Microsoft\WindowsApps;C:\Users\USER\AppData\Local\Programs\Microsoft VS Code\bin;C:\msys64\ucrt64\bin;C:\flutter\bin;C:\Program Files\Android\Android Studio\bin;C:\flutter\packages\flutter_tools\bin;C:\Program Files\Java\jdk-23\bin;C:\Program Files\MySQL\MySQL Server 5.5\bin;;C:\Program Files\Java\jdk-23\bin
JRE paths:	;C:\Program Files (x86)\Common Files\Oracle\Java\javapath;C:\Program Files\Common Files\Oracle\Java\javapath;C:\WINDOWS\system32;C:\WINDOWS;C:\WINDOWS\System32\Wbem;C:\WINDOWS\System32\WindowsPowerShell\v1.0\;C:\WINDOWS\System32\OpenSSH\;C:\Program Files\Git\cmd;C:\Program Files\MySQL\MySQL Server 5.5\bin;C:\Users\USER\AppData\Local\Microsoft\WindowsApps;C:\Users\USER\AppData\Local\Programs\Microsoft VS Code\bin;C:\msys64\ucrt64\bin;C:\flutter\bin;C:\Program Files\Android\Android Studio\bin;C:\flutter\packages\flutter_tools\bin;C:\Program Files\Java\jdk-23\bin;C:\Program Files\MySQL\MySQL Server 5.5\bin;;C:\Program Files\Java\jdk-23\bin
Check launcher:	C:\Program Files (x86)\Common Files\Oracle\Java\javapath\bin\javaw.exe (not found)
Check launcher:	C:\Program Files\Common Files\Oracle\Java\javapath\bin\javaw.exe (not found)
Check launcher:	C:\WINDOWS\system32\bin\javaw.exe (not found)
Check launcher:	C:\WINDOWS\bin\javaw.exe (not found)
Check launcher:	C:\WINDOWS\System32\Wbem\bin\javaw.exe (not found)
Check launcher:	C:\WINDOWS\System32\WindowsPowerShell\v1.0\bin\javaw.exe (not found)
Check launcher:	C:\WINDOWS\System32\OpenSSH\bin\javaw.exe (not found)
Check launcher:	C:\Program Files\Git\cmd\bin\javaw.exe (not found)
Check launcher:	C:\Program Files\MySQL\MySQL Server 5.5\bin\javaw.exe (not found)
Check launcher:	C:\Users\USER\AppData\Local\Microsoft\WindowsApps\bin\javaw.exe (not found)
Check launcher:	C:\Users\USER\AppData\Local\Programs\Microsoft VS Code\bin\javaw.exe (not found)
Check launcher:	C:\msys64\ucrt64\bin\javaw.exe (not found)
Check launcher:	C:\flutter\bin\javaw.exe (not found)
Check launcher:	C:\Program Files\Android\Android Studio\bin\javaw.exe (not found)
Check launcher:	C:\flutter\packages\flutter_tools\bin\javaw.exe (not found)
Check launcher:	C:\Program Files\Java\jdk-23\bin\javaw.exe (OK)
Version string: 1.023.000_001 / 64-Bit (OK)
Launcher:	C:\Program Files\Java\jdk-23\bin\javaw.exe
Launcher args:	-jar "D:\Java s\Anisul_sir\Library Managment System\rakib.exe"
Args length:	62/32768 chars
Exit code:	0


Version:	3.50
CmdLine:	D:\Java s\Anisul_sir\Library Managment System\rakib.exe --l4j-debug
JNI:		No
WOW64:		Yes
Working dir:	D:\Java s\Anisul_sir\Library Managment System\.
Requires JDK:	No
Requires 64-Bit: No
Java min ver:	
Java max ver:	
Substitute:	JAVA_HOME = 
Substitute:	PATH = C:\Program Files (x86)\Common Files\Oracle\Java\javapath;C:\Program Files\Common Files\Oracle\Java\javapath;C:\WINDOWS\system32;C:\WINDOWS;C:\WINDOWS\System32\Wbem;C:\WINDOWS\System32\WindowsPowerShell\v1.0\;C:\WINDOWS\System32\OpenSSH\;C:\Program Files\Git\cmd;C:\Program Files\MySQL\MySQL Server 5.5\bin;C:\Users\USER\AppData\Local\Microsoft\WindowsApps;C:\Users\USER\AppData\Local\Programs\Microsoft VS Code\bin;C:\msys64\ucrt64\bin;C:\flutter\bin;C:\Program Files\Android\Android Studio\bin;C:\flutter\packages\flutter_tools\bin;C:\Program Files\Java\jdk-23\bin;C:\Program Files\MySQL\MySQL Server 5.5\bin;;C:\Program Files\Java\jdk-23\bin
JRE paths:	;C:\Program Files (x86)\Common Files\Oracle\Java\javapath;C:\Program Files\Common Files\Oracle\Java\javapath;C:\WINDOWS\system32;C:\WINDOWS;C:\WINDOWS\System32\Wbem;C:\WINDOWS\System32\WindowsPowerShell\v1.0\;C:\WINDOWS\System32\OpenSSH\;C:\Program Files\Git\cmd;C:\Program Files\MySQL\MySQL Server 5.5\bin;C:\Users\USER\AppData\Local\Microsoft\WindowsApps;C:\Users\USER\AppData\Local\Programs\Microsoft VS Code\bin;C:\msys64\ucrt64\bin;C:\flutter\bin;C:\Program Files\Android\Android Studio\bin;C:\flutter\packages\flutter_tools\bin;C:\Program Files\Java\jdk-23\bin;C:\Program Files\MySQL\MySQL Server 5.5\bin;;C:\Program Files\Java\jdk-23\bin
Check launcher:	C:\Program Files (x86)\Common Files\Oracle\Java\javapath\bin\javaw.exe (not found)
Check launcher:	C:\Program Files\Common Files\Oracle\Java\javapath\bin\javaw.exe (not found)
Check launcher:	C:\WINDOWS\system32\bin\javaw.exe (not found)
Check launcher:	C:\WINDOWS\bin\javaw.exe (not found)
Check launcher:	C:\WINDOWS\System32\Wbem\bin\javaw.exe (not found)
Check launcher:	C:\WINDOWS\System32\WindowsPowerShell\v1.0\bin\javaw.exe (not found)
Check launcher:	C:\WINDOWS\System32\OpenSSH\bin\javaw.exe (not found)
Check launcher:	C:\Program Files\Git\cmd\bin\javaw.exe (not found)
Check launcher:	C:\Program Files\MySQL\MySQL Server 5.5\bin\javaw.exe (not found)
Check launcher:	C:\Users\USER\AppData\Local\Microsoft\WindowsApps\bin\javaw.exe (not found)
Check launcher:	C:\Users\USER\AppData\Local\Programs\Microsoft VS Code\bin\javaw.exe (not found)
Check launcher:	C:\msys64\ucrt64\bin\javaw.exe (not found)
Check launcher:	C:\flutter\bin\javaw.exe (not found)
Check launcher:	C:\Program Files\Android\Android Studio\bin\javaw.exe (not found)
Check launcher:	C:\flutter\packages\flutter_tools\bin\javaw.exe (not found)
Check launcher:	C:\Program Files\Java\jdk-23\bin\javaw.exe (OK)
Version string: 1.023.000_001 / 64-Bit (OK)
Launcher:	C:\Program Files\Java\jdk-23\bin\javaw.exe
Launcher args:	-jar "D:\Java s\Anisul_sir\Library Managment System\rakib.exe"
Args length:	62/32768 chars
Exit code:	0


Version:	3.50
CmdLine:	D:\Java s\Anisul_sir\Library Managment System\rakib.exe --l4j-debug
JNI:		No
WOW64:		Yes
Working dir:	D:\Java s\Anisul_sir\Library Managment System\.
Requires JDK:	No
Requires 64-Bit: No
Java min ver:	
Java max ver:	
Substitute:	JAVA_HOME = 
Substitute:	PATH = C:\Program Files (x86)\Common Files\Oracle\Java\javapath;C:\Program Files\Common Files\Oracle\Java\javapath;C:\WINDOWS\system32;C:\WINDOWS;C:\WINDOWS\System32\Wbem;C:\WINDOWS\System32\WindowsPowerShell\v1.0\;C:\WINDOWS\System32\OpenSSH\;C:\Program Files\Git\cmd;C:\Program Files\MySQL\MySQL Server 5.5\bin;C:\Users\USER\AppData\Local\Microsoft\WindowsApps;C:\Users\USER\AppData\Local\Programs\Microsoft VS Code\bin;C:\msys64\ucrt64\bin;C:\flutter\bin;C:\Program Files\Android\Android Studio\bin;C:\flutter\packages\flutter_tools\bin;C:\Program Files\Java\jdk-23\bin;C:\Program Files\MySQL\MySQL Server 5.5\bin;;C:\Program Files\Java\jdk-23\bin
JRE paths:	;C:\Program Files (x86)\Common Files\Oracle\Java\javapath;C:\Program Files\Common Files\Oracle\Java\javapath;C:\WINDOWS\system32;C:\WINDOWS;C:\WINDOWS\System32\Wbem;C:\WINDOWS\System32\WindowsPowerShell\v1.0\;C:\WINDOWS\System32\OpenSSH\;C:\Program Files\Git\cmd;C:\Program Files\MySQL\MySQL Server 5.5\bin;C:\Users\USER\AppData\Local\Microsoft\WindowsApps;C:\Users\USER\AppData\Local\Programs\Microsoft VS Code\bin;C:\msys64\ucrt64\bin;C:\flutter\bin;C:\Program Files\Android\Android Studio\bin;C:\flutter\packages\flutter_tools\bin;C:\Program Files\Java\jdk-23\bin;C:\Program Files\MySQL\MySQL Server 5.5\bin;;C:\Program Files\Java\jdk-23\bin
Check launcher:	C:\Program Files (x86)\Common Files\Oracle\Java\javapath\bin\javaw.exe (not found)
Check launcher:	C:\Program Files\Common Files\Oracle\Java\javapath\bin\javaw.exe (not found)
Check launcher:	C:\WINDOWS\system32\bin\javaw.exe (not found)
Check launcher:	C:\WINDOWS\bin\javaw.exe (not found)
Check launcher:	C:\WINDOWS\System32\Wbem\bin\javaw.exe (not found)
Check launcher:	C:\WINDOWS\System32\WindowsPowerShell\v1.0\bin\javaw.exe (not found)
Check launcher:	C:\WINDOWS\System32\OpenSSH\bin\javaw.exe (not found)
Check launcher:	C:\Program Files\Git\cmd\bin\javaw.exe (not found)
Check launcher:	C:\Program Files\MySQL\MySQL Server 5.5\bin\javaw.exe (not found)
Check launcher:	C:\Users\USER\AppData\Local\Microsoft\WindowsApps\bin\javaw.exe (not found)
Check launcher:	C:\Users\USER\AppData\Local\Programs\Microsoft VS Code\bin\javaw.exe (not found)
Check launcher:	C:\msys64\ucrt64\bin\javaw.exe (not found)
Check launcher:	C:\flutter\bin\javaw.exe (not found)
Check launcher:	C:\Program Files\Android\Android Studio\bin\javaw.exe (not found)
Check launcher:	C:\flutter\packages\flutter_tools\bin\javaw.exe (not found)
Check launcher:	C:\Program Files\Java\jdk-23\bin\javaw.exe (OK)
Version string: 1.023.000_001 / 64-Bit (OK)
Launcher:	C:\Program Files\Java\jdk-23\bin\javaw.exe
Launcher args:	-jar "D:\Java s\Anisul_sir\Library Managment System\rakib.exe"
Args length:	62/32768 chars
Exit code:	0


Version:	3.50
CmdLine:	D:\Java s\Anisul_sir\Library Managment System\rakib.exe --l4j-debug
JNI:		No
WOW64:		Yes
Working dir:	D:\Java s\Anisul_sir\Library Managment System\.
Requires JDK:	No
Requires 64-Bit: No
Java min ver:	
Java max ver:	
Substitute:	JAVA_HOME = 
Substitute:	PATH = C:\Program Files (x86)\Common Files\Oracle\Java\javapath;C:\Program Files\Common Files\Oracle\Java\javapath;C:\WINDOWS\system32;C:\WINDOWS;C:\WINDOWS\System32\Wbem;C:\WINDOWS\System32\WindowsPowerShell\v1.0\;C:\WINDOWS\System32\OpenSSH\;C:\Program Files\Git\cmd;C:\Program Files\MySQL\MySQL Server 5.5\bin;C:\Users\USER\AppData\Local\Microsoft\WindowsApps;C:\Users\USER\AppData\Local\Programs\Microsoft VS Code\bin;C:\msys64\ucrt64\bin;C:\flutter\bin;C:\Program Files\Android\Android Studio\bin;C:\flutter\packages\flutter_tools\bin;C:\Program Files\Java\jdk-23\bin;C:\Program Files\MySQL\MySQL Server 5.5\bin;;C:\Program Files\Java\jdk-23\bin
JRE paths:	;C:\Program Files (x86)\Common Files\Oracle\Java\javapath;C:\Program Files\Common Files\Oracle\Java\javapath;C:\WINDOWS\system32;C:\WINDOWS;C:\WINDOWS\System32\Wbem;C:\WINDOWS\System32\WindowsPowerShell\v1.0\;C:\WINDOWS\System32\OpenSSH\;C:\Program Files\Git\cmd;C:\Program Files\MySQL\MySQL Server 5.5\bin;C:\Users\USER\AppData\Local\Microsoft\WindowsApps;C:\Users\USER\AppData\Local\Programs\Microsoft VS Code\bin;C:\msys64\ucrt64\bin;C:\flutter\bin;C:\Program Files\Android\Android Studio\bin;C:\flutter\packages\flutter_tools\bin;C:\Program Files\Java\jdk-23\bin;C:\Program Files\MySQL\MySQL Server 5.5\bin;;C:\Program Files\Java\jdk-23\bin
Check launcher:	C:\Program Files (x86)\Common Files\Oracle\Java\javapath\bin\javaw.exe (not found)
Check launcher:	C:\Program Files\Common Files\Oracle\Java\javapath\bin\javaw.exe (not found)
Check launcher:	C:\WINDOWS\system32\bin\javaw.exe (not found)
Check launcher:	C:\WINDOWS\bin\javaw.exe (not found)
Check launcher:	C:\WINDOWS\System32\Wbem\bin\javaw.exe (not found)
Check launcher:	C:\WINDOWS\System32\WindowsPowerShell\v1.0\bin\javaw.exe (not found)
Check launcher:	C:\WINDOWS\System32\OpenSSH\bin\javaw.exe (not found)
Check launcher:	C:\Program Files\Git\cmd\bin\javaw.exe (not found)
Check launcher:	C:\Program Files\MySQL\MySQL Server 5.5\bin\javaw.exe (not found)
Check launcher:	C:\Users\USER\AppData\Local\Microsoft\WindowsApps\bin\javaw.exe (not found)
Check launcher:	C:\Users\USER\AppData\Local\Programs\Microsoft VS Code\bin\javaw.exe (not found)
Check launcher:	C:\msys64\ucrt64\bin\javaw.exe (not found)
Check launcher:	C:\flutter\bin\javaw.exe (not found)
Check launcher:	C:\Program Files\Android\Android Studio\bin\javaw.exe (not found)
Check launcher:	C:\flutter\packages\flutter_tools\bin\javaw.exe (not found)
Check launcher:	C:\Program Files\Java\jdk-23\bin\javaw.exe (OK)
Version string: 1.023.000_001 / 64-Bit (OK)
Launcher:	C:\Program Files\Java\jdk-23\bin\javaw.exe
Launcher args:	-jar "D:\Java s\Anisul_sir\Library Managment System\rakib.exe"
Args length:	62/32768 chars
Exit code:	0
